{"C:\\Users\\Lado\\Desktop\\chi-pet-project\\src\\components\\common\\heading\\index.tsx": {"path":"C:\\Users\\Lado\\Desktop\\chi-pet-project\\src\\components\\common\\heading\\index.tsx","statementMap":{"0":{"start":{"line":8,"column":34},"end":{"line":19,"column":1}},"1":{"start":{"line":9,"column":2},"end":{"line":18,"column":4}}},"fnMap":{"0":{"name":"(anonymous_0)","decl":{"start":{"line":8,"column":34},"end":{"line":8,"column":35}},"loc":{"start":{"line":8,"column":64},"end":{"line":19,"column":1}},"line":8}},"branchMap":{},"s":{"0":1,"1":2},"f":{"0":2},"b":{},"_coverageSchema":"1a1c01bbd47fc00a2c39e90264f33305004495a9","hash":"5ddab0293350a2f71a734422acb15aa24e483629"}
,"C:\\Users\\Lado\\Desktop\\chi-pet-project\\src\\components\\common\\languageSwitcher\\index.tsx": {"path":"C:\\Users\\Lado\\Desktop\\chi-pet-project\\src\\components\\common\\languageSwitcher\\index.tsx","statementMap":{"0":{"start":{"line":5,"column":19},"end":{"line":5,"column":35}},"1":{"start":{"line":7,"column":25},"end":{"line":9,"column":3}},"2":{"start":{"line":8,"column":4},"end":{"line":8,"column":29}},"3":{"start":{"line":11,"column":2},"end":{"line":16,"column":4}},"4":{"start":{"line":13,"column":35},"end":{"line":13,"column":55}},"5":{"start":{"line":14,"column":35},"end":{"line":14,"column":55}}},"fnMap":{"0":{"name":"LanguageSwitcher","decl":{"start":{"line":4,"column":9},"end":{"line":4,"column":25}},"loc":{"start":{"line":4,"column":28},"end":{"line":17,"column":1}},"line":4},"1":{"name":"(anonymous_1)","decl":{"start":{"line":7,"column":25},"end":{"line":7,"column":26}},"loc":{"start":{"line":7,"column":42},"end":{"line":9,"column":3}},"line":7},"2":{"name":"(anonymous_2)","decl":{"start":{"line":13,"column":29},"end":{"line":13,"column":30}},"loc":{"start":{"line":13,"column":35},"end":{"line":13,"column":55}},"line":13},"3":{"name":"(anonymous_3)","decl":{"start":{"line":14,"column":29},"end":{"line":14,"column":30}},"loc":{"start":{"line":14,"column":35},"end":{"line":14,"column":55}},"line":14}},"branchMap":{},"s":{"0":1,"1":1,"2":0,"3":1,"4":0,"5":0},"f":{"0":1,"1":0,"2":0,"3":0},"b":{},"_coverageSchema":"1a1c01bbd47fc00a2c39e90264f33305004495a9","hash":"fdc5562c107f06335c09da75f23feedd80936c1d"}
,"C:\\Users\\Lado\\Desktop\\chi-pet-project\\src\\components\\common\\logo\\index.tsx": {"path":"C:\\Users\\Lado\\Desktop\\chi-pet-project\\src\\components\\common\\logo\\index.tsx","statementMap":{"0":{"start":{"line":4,"column":13},"end":{"line":13,"column":1}},"1":{"start":{"line":5,"column":2},"end":{"line":12,"column":4}}},"fnMap":{"0":{"name":"(anonymous_0)","decl":{"start":{"line":4,"column":13},"end":{"line":4,"column":14}},"loc":{"start":{"line":4,"column":19},"end":{"line":13,"column":1}},"line":4}},"branchMap":{},"s":{"0":1,"1":1},"f":{"0":1},"b":{},"_coverageSchema":"1a1c01bbd47fc00a2c39e90264f33305004495a9","hash":"c3836426895182804f9b22c999776c821ddef041"}
,"C:\\Users\\Lado\\Desktop\\chi-pet-project\\src\\components\\common\\tags\\index.tsx": {"path":"C:\\Users\\Lado\\Desktop\\chi-pet-project\\src\\components\\common\\tags\\index.tsx","statementMap":{"0":{"start":{"line":8,"column":30},"end":{"line":16,"column":1}},"1":{"start":{"line":9,"column":37},"end":{"line":9,"column":77}},"2":{"start":{"line":11,"column":2},"end":{"line":15,"column":4}}},"fnMap":{"0":{"name":"(anonymous_0)","decl":{"start":{"line":8,"column":30},"end":{"line":8,"column":31}},"loc":{"start":{"line":8,"column":44},"end":{"line":16,"column":1}},"line":8}},"branchMap":{"0":{"loc":{"start":{"line":9,"column":37},"end":{"line":9,"column":77}},"type":"binary-expr","locations":[{"start":{"line":9,"column":37},"end":{"line":9,"column":54}},{"start":{"line":9,"column":58},"end":{"line":9,"column":77}}],"line":9}},"s":{"0":1,"1":2,"2":2},"f":{"0":2},"b":{"0":[2,1]},"_coverageSchema":"1a1c01bbd47fc00a2c39e90264f33305004495a9","hash":"7f6ea367dba64769f5bd81b95668a98a80d4fed3"}
,"C:\\Users\\Lado\\Desktop\\chi-pet-project\\src\\pages\\Contacts\\index.tsx": {"path":"C:\\Users\\Lado\\Desktop\\chi-pet-project\\src\\pages\\Contacts\\index.tsx","statementMap":{"0":{"start":{"line":3,"column":17},"end":{"line":5,"column":1}},"1":{"start":{"line":4,"column":2},"end":{"line":4,"column":27}}},"fnMap":{"0":{"name":"(anonymous_0)","decl":{"start":{"line":3,"column":17},"end":{"line":3,"column":18}},"loc":{"start":{"line":3,"column":23},"end":{"line":5,"column":1}},"line":3}},"branchMap":{},"s":{"0":1,"1":1},"f":{"0":1},"b":{},"_coverageSchema":"1a1c01bbd47fc00a2c39e90264f33305004495a9","hash":"2608cac4eb84978b221c2b2c777db3573b078fa0"}
,"C:\\Users\\Lado\\Desktop\\chi-pet-project\\src\\pages\\NotFound\\index.tsx": {"path":"C:\\Users\\Lado\\Desktop\\chi-pet-project\\src\\pages\\NotFound\\index.tsx","statementMap":{"0":{"start":{"line":5,"column":21},"end":{"line":14,"column":1}},"1":{"start":{"line":6,"column":2},"end":{"line":13,"column":4}}},"fnMap":{"0":{"name":"(anonymous_0)","decl":{"start":{"line":5,"column":21},"end":{"line":5,"column":22}},"loc":{"start":{"line":5,"column":27},"end":{"line":14,"column":1}},"line":5}},"branchMap":{},"s":{"0":1,"1":3},"f":{"0":3},"b":{},"_coverageSchema":"1a1c01bbd47fc00a2c39e90264f33305004495a9","hash":"f0502de5e1b8c77301a8c4f6939223d24388b80f"}
,"C:\\Users\\Lado\\Desktop\\chi-pet-project\\src\\routes\\index.ts": {"path":"C:\\Users\\Lado\\Desktop\\chi-pet-project\\src\\routes\\index.ts","statementMap":{"0":{"start":{"line":1,"column":26},"end":{"line":12,"column":1}}},"fnMap":{},"branchMap":{},"s":{"0":1},"f":{},"b":{},"_coverageSchema":"1a1c01bbd47fc00a2c39e90264f33305004495a9","hash":"6a2e5696ba29d341da01fbc0c7b475cd0497fff9"}
,"C:\\Users\\Lado\\Desktop\\chi-pet-project\\src\\theme\\index.ts": {"path":"C:\\Users\\Lado\\Desktop\\chi-pet-project\\src\\theme\\index.ts","statementMap":{"0":{"start":{"line":1,"column":14},"end":{"line":38,"column":1}},"1":{"start":{"line":40,"column":33},"end":{"line":40,"column":38}}},"fnMap":{},"branchMap":{},"s":{"0":5,"1":5},"f":{},"b":{},"_coverageSchema":"1a1c01bbd47fc00a2c39e90264f33305004495a9","hash":"f3bb220b1ac080bb26882cdeed87c2d9a64c1aca"}
,"C:\\Users\\Lado\\Desktop\\chi-pet-project\\src\\utils\\dateFunctions.ts": {"path":"C:\\Users\\Lado\\Desktop\\chi-pet-project\\src\\utils\\dateFunctions.ts","statementMap":{"0":{"start":{"line":4,"column":30},"end":{"line":6,"column":1}},"1":{"start":{"line":5,"column":2},"end":{"line":5,"column":61}},"2":{"start":{"line":7,"column":34},"end":{"line":9,"column":1}},"3":{"start":{"line":8,"column":2},"end":{"line":8,"column":57}},"4":{"start":{"line":10,"column":36},"end":{"line":12,"column":1}},"5":{"start":{"line":11,"column":2},"end":{"line":11,"column":56}},"6":{"start":{"line":13,"column":33},"end":{"line":15,"column":1}},"7":{"start":{"line":14,"column":2},"end":{"line":14,"column":47}},"8":{"start":{"line":16,"column":33},"end":{"line":24,"column":1}},"9":{"start":{"line":17,"column":16},"end":{"line":17,"column":26}},"10":{"start":{"line":18,"column":18},"end":{"line":18,"column":39}},"11":{"start":{"line":19,"column":25},"end":{"line":19,"column":70}},"12":{"start":{"line":20,"column":21},"end":{"line":20,"column":70}},"13":{"start":{"line":21,"column":2},"end":{"line":23,"column":39}}},"fnMap":{"0":{"name":"(anonymous_0)","decl":{"start":{"line":4,"column":30},"end":{"line":4,"column":31}},"loc":{"start":{"line":4,"column":53},"end":{"line":6,"column":1}},"line":4},"1":{"name":"(anonymous_1)","decl":{"start":{"line":7,"column":34},"end":{"line":7,"column":35}},"loc":{"start":{"line":7,"column":58},"end":{"line":9,"column":1}},"line":7},"2":{"name":"(anonymous_2)","decl":{"start":{"line":10,"column":36},"end":{"line":10,"column":37}},"loc":{"start":{"line":10,"column":62},"end":{"line":12,"column":1}},"line":10},"3":{"name":"(anonymous_3)","decl":{"start":{"line":13,"column":33},"end":{"line":13,"column":34}},"loc":{"start":{"line":13,"column":56},"end":{"line":15,"column":1}},"line":13},"4":{"name":"(anonymous_4)","decl":{"start":{"line":16,"column":33},"end":{"line":16,"column":34}},"loc":{"start":{"line":16,"column":58},"end":{"line":24,"column":1}},"line":16}},"branchMap":{"0":{"loc":{"start":{"line":21,"column":9},"end":{"line":23,"column":38}},"type":"cond-expr","locations":[{"start":{"line":22,"column":6},"end":{"line":22,"column":21}},{"start":{"line":23,"column":6},"end":{"line":23,"column":38}}],"line":21}},"s":{"0":1,"1":1,"2":1,"3":0,"4":1,"5":0,"6":1,"7":0,"8":1,"9":0,"10":0,"11":0,"12":0,"13":0},"f":{"0":1,"1":0,"2":0,"3":0,"4":0},"b":{"0":[0,0]},"_coverageSchema":"1a1c01bbd47fc00a2c39e90264f33305004495a9","hash":"c035c180ab3fb1e05730ca9944fd1c279db469ef"}
,"C:\\Users\\Lado\\Desktop\\chi-pet-project\\src\\utils\\notify.ts": {"path":"C:\\Users\\Lado\\Desktop\\chi-pet-project\\src\\utils\\notify.ts","statementMap":{"0":{"start":{"line":5,"column":38},"end":{"line":16,"column":1}},"1":{"start":{"line":6,"column":2},"end":{"line":15,"column":5}}},"fnMap":{"0":{"name":"(anonymous_0)","decl":{"start":{"line":5,"column":38},"end":{"line":5,"column":39}},"loc":{"start":{"line":5,"column":95},"end":{"line":16,"column":1}},"line":5}},"branchMap":{"0":{"loc":{"start":{"line":5,"column":48},"end":{"line":5,"column":71}},"type":"default-arg","locations":[{"start":{"line":5,"column":59},"end":{"line":5,"column":71}}],"line":5},"1":{"loc":{"start":{"line":5,"column":73},"end":{"line":5,"column":90}},"type":"default-arg","locations":[{"start":{"line":5,"column":86},"end":{"line":5,"column":90}}],"line":5}},"s":{"0":1,"1":1},"f":{"0":1},"b":{"0":[0],"1":[0]},"_coverageSchema":"1a1c01bbd47fc00a2c39e90264f33305004495a9","hash":"4ed359bfecfd2f9afeeb83bdbc53fb33d876c648"}
}
